<?xml version="1.0" encoding="UTF-8"?>
<!-- Generated by org.testng.reporters.JUnitXMLReporter -->
<testsuite hostname="CBT-088" name="Default test" tests="7" failures="0" timestamp="6 Feb 2017 11:06:07 GMT" time="0.071" errors="0">
  <testcase name="@BeforeSuite setConfig" time="0.0" classname="com.auvenir.ui.tests.AuditorTest">
    <failure type="org.testng.TestNGException" message="
Parameter &amp;apos;server&amp;apos; is required by @Configuration on method setConfig but has not been marked @Optional or defined
in C:\Users\Administrator\AppData\Local\Temp\testng-eclipse--1791292310\testng-customsuite.xml">
      <![CDATA[org.testng.TestNGException: 
Parameter 'server' is required by @Configuration on method setConfig but has not been marked @Optional or defined
in C:\Users\Administrator\AppData\Local\Temp\testng-eclipse--1791292310\testng-customsuite.xml
	at org.testng.internal.Parameters.createParameters(Parameters.java:165)
	at org.testng.internal.Parameters.createParameters(Parameters.java:372)
	at org.testng.internal.Parameters.createConfigurationParameters(Parameters.java:90)
	at org.testng.internal.Invoker.invokeConfigurations(Invoker.java:199)
	at org.testng.internal.Invoker.invokeConfigurations(Invoker.java:140)
	at org.testng.SuiteRunner.privateRun(SuiteRunner.java:296)
	at org.testng.SuiteRunner.run(SuiteRunner.java:259)
	at org.testng.SuiteRunnerWorker.runSuite(SuiteRunnerWorker.java:52)
	at org.testng.SuiteRunnerWorker.run(SuiteRunnerWorker.java:86)
	at org.testng.TestNG.runSuitesSequentially(TestNG.java:1199)
	at org.testng.TestNG.runSuitesLocally(TestNG.java:1124)
	at org.testng.TestNG.run(TestNG.java:1032)
	at org.testng.remote.AbstractRemoteTestNG.run(AbstractRemoteTestNG.java:132)
	at org.testng.remote.RemoteTestNG.initAndRun(RemoteTestNG.java:236)
	at org.testng.remote.RemoteTestNG.main(RemoteTestNG.java:81)
]]>
    </failure>
  </testcase> <!-- @BeforeSuite setConfig -->
  <testcase name="@BeforeClass setUp" time="0.0" classname="com.auvenir.ui.tests.AuditorTest">
    <skipped/>
  </testcase> <!-- @BeforeClass setUp -->
  <testcase name="@BeforeClass preRequiste" time="0.0" classname="com.auvenir.ui.tests.AuditorTest">
    <skipped/>
  </testcase> <!-- @BeforeClass preRequiste -->
  <testcase name="@AfterClass tearDown" time="0.0" classname="com.auvenir.ui.tests.AuditorTest">
    <skipped/>
  </testcase> <!-- @AfterClass tearDown -->
  <testcase name="auditorLoginPage" time="0.008" classname="com.auvenir.ui.tests.AuditorTest">
    <skipped/>
  </testcase> <!-- auditorLoginPage -->
  <testcase name="auditorOnboardingPage" time="0.002" classname="com.auvenir.ui.tests.AuditorTest">
    <skipped/>
  </testcase> <!-- auditorOnboardingPage -->
  <testcase name="auditorEngagementPage" time="0.002" classname="com.auvenir.ui.tests.AuditorTest">
    <skipped/>
  </testcase> <!-- auditorEngagementPage -->
  <testcase name="auditorDashboardPage" time="0.002" classname="com.auvenir.ui.tests.AuditorTest">
    <skipped/>
  </testcase> <!-- auditorDashboardPage -->
  <testcase name="engagementRequestsPage" time="0.002" classname="com.auvenir.ui.tests.AuditorTest">
    <skipped/>
  </testcase> <!-- engagementRequestsPage -->
  <testcase name="engagementFilesPage" time="0.001" classname="com.auvenir.ui.tests.AuditorTest">
    <skipped/>
  </testcase> <!-- engagementFilesPage -->
  <testcase name="engagementActivityPage" time="0.004" classname="com.auvenir.ui.tests.AuditorTest">
    <skipped/>
  </testcase> <!-- engagementActivityPage -->
</testsuite> <!-- Defateststest -->
